<?xml version="1.0" encoding="UTF-8"?>
<!-- Generated by org.testng.reporters.JUnitReportReporter -->
<testsuite hostname="DESKTOP-CTNIRRU" failures="0" tests="3" name="readData_Excel.ReadDataExcel" time="0.016" errors="0" timestamp="2024-08-09T07:52:20 IST" skipped="0">
  <testcase classname="readData_Excel.ReadDataExcel" name="dataRead" time="0.014"/>
  <testcase classname="readData_Excel.ReadDataExcel" name="dataRead" time="0.001"/>
  <testcase classname="readData_Excel.ReadDataExcel" name="dataRead" time="0.001"/>
</testsuite> <!-- readData_Excel.ReadDataExcel -->
