<?xml version="1.0" encoding="UTF-8"?>
<!-- Generated by org.testng.reporters.JUnitReportReporter -->
<testsuite hostname="DESKTOP-CTNIRRU" failures="0" tests="1" name="utilsClass.FetchData" time="5.067" errors="0" timestamp="2024-08-09T08:00:39 IST" skipped="0">
  <testcase classname="utilsClass.FetchData" name="dataFetch" time="5.067"/>
</testsuite> <!-- utilsClass.FetchData -->
