<?xml version="1.0" encoding="UTF-8"?>
<!-- Generated by org.testng.reporters.JUnitReportReporter -->
<testsuite hostname="DESKTOP-CTNIRRU" failures="0" tests="7" name="readData_Excel.ReadDataSpreadSheet" time="0.016" errors="0" timestamp="2023-07-24T22:41:58 IST" skipped="0">
  <testcase classname="readData_Excel.ReadDataSpreadSheet" name="testthis" time="0.000"/>
  <system-out/>
  <testcase classname="readData_Excel.ReadDataSpreadSheet" name="testthis" time="0.001"/>
  <system-out/>
  <testcase classname="readData_Excel.ReadDataSpreadSheet" name="testthis" time="0.012"/>
  <system-out/>
  <testcase classname="readData_Excel.ReadDataSpreadSheet" name="testthis" time="0.001"/>
  <system-out/>
  <testcase classname="readData_Excel.ReadDataSpreadSheet" name="testthis" time="0.001"/>
  <system-out/>
  <testcase classname="readData_Excel.ReadDataSpreadSheet" name="testthis" time="0.000"/>
  <system-out/>
  <testcase classname="readData_Excel.ReadDataSpreadSheet" name="testthis" time="0.001"/>
  <system-out/>
</testsuite> <!-- readData_Excel.ReadDataSpreadSheet -->
