<?xml version="1.0" encoding="UTF-8"?>
<!-- Generated by org.testng.reporters.JUnitReportReporter -->
<testsuite hostname="DESKTOP-CTNIRRU" failures="0" tests="1" name="readData_Excel.ReadDataExcel" time="0.800" errors="0" timestamp="2023-07-23T14:34:26 IST" skipped="0">
  <testcase classname="readData_Excel.ReadDataExcel" name="dataRead" time="0.800"/>
  <system-out/>
</testsuite> <!-- readData_Excel.ReadDataExcel -->
