<?xml version="1.0" encoding="UTF-8"?>
<!-- Generated by org.testng.reporters.JUnitReportReporter -->
<testsuite hostname="DESKTOP-CTNIRRU" failures="0" tests="10" name="readData_Excel.ReadDataSpreadSheet" time="0.024" errors="0" timestamp="2024-08-09T08:08:02 IST" skipped="0">
  <testcase classname="readData_Excel.ReadDataSpreadSheet" name="testthis" time="0.001"/>
  <testcase classname="readData_Excel.ReadDataSpreadSheet" name="testthis" time="0.001"/>
  <testcase classname="readData_Excel.ReadDataSpreadSheet" name="testthis" time="0.001"/>
  <testcase classname="readData_Excel.ReadDataSpreadSheet" name="testthis" time="0.001"/>
  <testcase classname="readData_Excel.ReadDataSpreadSheet" name="testthis" time="0.001"/>
  <testcase classname="readData_Excel.ReadDataSpreadSheet" name="testthis" time="0.002"/>
  <testcase classname="readData_Excel.ReadDataSpreadSheet" name="testthis" time="0.001"/>
  <testcase classname="readData_Excel.ReadDataSpreadSheet" name="testthis" time="0.001"/>
  <testcase classname="readData_Excel.ReadDataSpreadSheet" name="testthis" time="0.014"/>
  <testcase classname="readData_Excel.ReadDataSpreadSheet" name="testthis" time="0.001"/>
</testsuite> <!-- readData_Excel.ReadDataSpreadSheet -->
